d:\programming\winprogram\04firstwindow\04firstwindow\debug\vc100.pdb
d:\programming\winprogram\04firstwindow\04firstwindow\debug\my.obj
d:\programming\winprogram\04firstwindow\debug\04firstwindow.ilk
d:\programming\winprogram\04firstwindow\debug\04firstwindow.exe
d:\programming\winprogram\04firstwindow\04firstwindow\debug\04firstwindow.exe.intermediate.manifest
d:\programming\winprogram\04firstwindow\debug\04firstwindow.pdb
d:\programming\winprogram\04firstwindow\04firstwindow\debug\04firstwindow.exe.embed.manifest
d:\programming\winprogram\04firstwindow\04firstwindow\debug\04firstwindow.exe.embed.manifest.res
d:\programming\winprogram\04firstwindow\04firstwindow\debug\04firstwindow.res
f:\作业\综合创作3\14011403_2014303376_冯勇_14011401_2014303317_刘尧_实验二\04firstwindow\04firstwindow\debug\vc140.pdb
f:\作业\综合创作3\14011403_2014303376_冯勇_14011401_2014303317_刘尧_实验二\04firstwindow\04firstwindow\debug\vc140.idb
f:\作业\综合创作3\14011403_2014303376_冯勇_14011401_2014303317_刘尧_实验二\04firstwindow\04firstwindow\debug\my.obj
f:\作业\综合创作3\14011403_2014303376_冯勇_14011401_2014303317_刘尧_实验二\04firstwindow\04firstwindow\debug\04firstwindow.vcxprojresolveassemblyreference.cache
f:\作业\综合创作3\14011403_2014303376_冯勇_14011401_2014303317_刘尧_实验二\04firstwindow\04firstwindow\debug\04firstwindow.write.1.tlog
f:\作业\综合创作3\14011403_2014303376_冯勇_14011401_2014303317_刘尧_实验二\04firstwindow\04firstwindow\debug\cl.command.1.tlog
f:\作业\综合创作3\14011403_2014303376_冯勇_14011401_2014303317_刘尧_实验二\04firstwindow\04firstwindow\debug\cl.read.1.tlog
f:\作业\综合创作3\14011403_2014303376_冯勇_14011401_2014303317_刘尧_实验二\04firstwindow\04firstwindow\debug\cl.write.1.tlog
f:\作业\综合创作3\14011403_2014303376_冯勇_14011401_2014303317_刘尧_实验二\04firstwindow\04firstwindow\debug\link-cvtres.read.1.tlog
f:\作业\综合创作3\14011403_2014303376_冯勇_14011401_2014303317_刘尧_实验二\04firstwindow\04firstwindow\debug\link-cvtres.write.1.tlog
f:\作业\综合创作3\14011403_2014303376_冯勇_14011401_2014303317_刘尧_实验二\04firstwindow\04firstwindow\debug\link.11216-cvtres.read.1.tlog
f:\作业\综合创作3\14011403_2014303376_冯勇_14011401_2014303317_刘尧_实验二\04firstwindow\04firstwindow\debug\link.11216-cvtres.write.1.tlog
f:\作业\综合创作3\14011403_2014303376_冯勇_14011401_2014303317_刘尧_实验二\04firstwindow\04firstwindow\debug\link.11216.read.1.tlog
f:\作业\综合创作3\14011403_2014303376_冯勇_14011401_2014303317_刘尧_实验二\04firstwindow\04firstwindow\debug\link.11216.write.1.tlog
f:\作业\综合创作3\14011403_2014303376_冯勇_14011401_2014303317_刘尧_实验二\04firstwindow\04firstwindow\debug\link.12104-cvtres.read.1.tlog
f:\作业\综合创作3\14011403_2014303376_冯勇_14011401_2014303317_刘尧_实验二\04firstwindow\04firstwindow\debug\link.12104-cvtres.write.1.tlog
f:\作业\综合创作3\14011403_2014303376_冯勇_14011401_2014303317_刘尧_实验二\04firstwindow\04firstwindow\debug\link.12104.read.1.tlog
f:\作业\综合创作3\14011403_2014303376_冯勇_14011401_2014303317_刘尧_实验二\04firstwindow\04firstwindow\debug\link.12104.write.1.tlog
f:\作业\综合创作3\14011403_2014303376_冯勇_14011401_2014303317_刘尧_实验二\04firstwindow\04firstwindow\debug\link.12820-cvtres.read.1.tlog
f:\作业\综合创作3\14011403_2014303376_冯勇_14011401_2014303317_刘尧_实验二\04firstwindow\04firstwindow\debug\link.12820-cvtres.write.1.tlog
f:\作业\综合创作3\14011403_2014303376_冯勇_14011401_2014303317_刘尧_实验二\04firstwindow\04firstwindow\debug\link.12820.read.1.tlog
f:\作业\综合创作3\14011403_2014303376_冯勇_14011401_2014303317_刘尧_实验二\04firstwindow\04firstwindow\debug\link.12820.write.1.tlog
f:\作业\综合创作3\14011403_2014303376_冯勇_14011401_2014303317_刘尧_实验二\04firstwindow\04firstwindow\debug\link.12928-cvtres.read.1.tlog
f:\作业\综合创作3\14011403_2014303376_冯勇_14011401_2014303317_刘尧_实验二\04firstwindow\04firstwindow\debug\link.12928-cvtres.write.1.tlog
f:\作业\综合创作3\14011403_2014303376_冯勇_14011401_2014303317_刘尧_实验二\04firstwindow\04firstwindow\debug\link.12928.read.1.tlog
f:\作业\综合创作3\14011403_2014303376_冯勇_14011401_2014303317_刘尧_实验二\04firstwindow\04firstwindow\debug\link.12928.write.1.tlog
f:\作业\综合创作3\14011403_2014303376_冯勇_14011401_2014303317_刘尧_实验二\04firstwindow\04firstwindow\debug\link.12996-cvtres.read.1.tlog
f:\作业\综合创作3\14011403_2014303376_冯勇_14011401_2014303317_刘尧_实验二\04firstwindow\04firstwindow\debug\link.12996-cvtres.write.1.tlog
f:\作业\综合创作3\14011403_2014303376_冯勇_14011401_2014303317_刘尧_实验二\04firstwindow\04firstwindow\debug\link.12996.read.1.tlog
f:\作业\综合创作3\14011403_2014303376_冯勇_14011401_2014303317_刘尧_实验二\04firstwindow\04firstwindow\debug\link.12996.write.1.tlog
f:\作业\综合创作3\14011403_2014303376_冯勇_14011401_2014303317_刘尧_实验二\04firstwindow\04firstwindow\debug\link.13560-cvtres.read.1.tlog
f:\作业\综合创作3\14011403_2014303376_冯勇_14011401_2014303317_刘尧_实验二\04firstwindow\04firstwindow\debug\link.13560-cvtres.write.1.tlog
f:\作业\综合创作3\14011403_2014303376_冯勇_14011401_2014303317_刘尧_实验二\04firstwindow\04firstwindow\debug\link.13560.read.1.tlog
f:\作业\综合创作3\14011403_2014303376_冯勇_14011401_2014303317_刘尧_实验二\04firstwindow\04firstwindow\debug\link.13560.write.1.tlog
f:\作业\综合创作3\14011403_2014303376_冯勇_14011401_2014303317_刘尧_实验二\04firstwindow\04firstwindow\debug\link.14656-cvtres.read.1.tlog
f:\作业\综合创作3\14011403_2014303376_冯勇_14011401_2014303317_刘尧_实验二\04firstwindow\04firstwindow\debug\link.14656-cvtres.write.1.tlog
f:\作业\综合创作3\14011403_2014303376_冯勇_14011401_2014303317_刘尧_实验二\04firstwindow\04firstwindow\debug\link.14656.read.1.tlog
f:\作业\综合创作3\14011403_2014303376_冯勇_14011401_2014303317_刘尧_实验二\04firstwindow\04firstwindow\debug\link.14656.write.1.tlog
f:\作业\综合创作3\14011403_2014303376_冯勇_14011401_2014303317_刘尧_实验二\04firstwindow\04firstwindow\debug\link.14948-cvtres.read.1.tlog
f:\作业\综合创作3\14011403_2014303376_冯勇_14011401_2014303317_刘尧_实验二\04firstwindow\04firstwindow\debug\link.14948-cvtres.write.1.tlog
f:\作业\综合创作3\14011403_2014303376_冯勇_14011401_2014303317_刘尧_实验二\04firstwindow\04firstwindow\debug\link.14948.read.1.tlog
f:\作业\综合创作3\14011403_2014303376_冯勇_14011401_2014303317_刘尧_实验二\04firstwindow\04firstwindow\debug\link.14948.write.1.tlog
f:\作业\综合创作3\14011403_2014303376_冯勇_14011401_2014303317_刘尧_实验二\04firstwindow\04firstwindow\debug\link.15088-cvtres.read.1.tlog
f:\作业\综合创作3\14011403_2014303376_冯勇_14011401_2014303317_刘尧_实验二\04firstwindow\04firstwindow\debug\link.15088-cvtres.write.1.tlog
f:\作业\综合创作3\14011403_2014303376_冯勇_14011401_2014303317_刘尧_实验二\04firstwindow\04firstwindow\debug\link.15088.read.1.tlog
f:\作业\综合创作3\14011403_2014303376_冯勇_14011401_2014303317_刘尧_实验二\04firstwindow\04firstwindow\debug\link.15088.write.1.tlog
f:\作业\综合创作3\14011403_2014303376_冯勇_14011401_2014303317_刘尧_实验二\04firstwindow\04firstwindow\debug\link.16480-cvtres.read.1.tlog
f:\作业\综合创作3\14011403_2014303376_冯勇_14011401_2014303317_刘尧_实验二\04firstwindow\04firstwindow\debug\link.16480-cvtres.write.1.tlog
f:\作业\综合创作3\14011403_2014303376_冯勇_14011401_2014303317_刘尧_实验二\04firstwindow\04firstwindow\debug\link.16480.read.1.tlog
f:\作业\综合创作3\14011403_2014303376_冯勇_14011401_2014303317_刘尧_实验二\04firstwindow\04firstwindow\debug\link.16480.write.1.tlog
f:\作业\综合创作3\14011403_2014303376_冯勇_14011401_2014303317_刘尧_实验二\04firstwindow\04firstwindow\debug\link.17184-cvtres.read.1.tlog
f:\作业\综合创作3\14011403_2014303376_冯勇_14011401_2014303317_刘尧_实验二\04firstwindow\04firstwindow\debug\link.17184-cvtres.write.1.tlog
f:\作业\综合创作3\14011403_2014303376_冯勇_14011401_2014303317_刘尧_实验二\04firstwindow\04firstwindow\debug\link.17184.read.1.tlog
f:\作业\综合创作3\14011403_2014303376_冯勇_14011401_2014303317_刘尧_实验二\04firstwindow\04firstwindow\debug\link.17184.write.1.tlog
f:\作业\综合创作3\14011403_2014303376_冯勇_14011401_2014303317_刘尧_实验二\04firstwindow\04firstwindow\debug\link.17248-cvtres.read.1.tlog
f:\作业\综合创作3\14011403_2014303376_冯勇_14011401_2014303317_刘尧_实验二\04firstwindow\04firstwindow\debug\link.17248-cvtres.write.1.tlog
f:\作业\综合创作3\14011403_2014303376_冯勇_14011401_2014303317_刘尧_实验二\04firstwindow\04firstwindow\debug\link.17248.read.1.tlog
f:\作业\综合创作3\14011403_2014303376_冯勇_14011401_2014303317_刘尧_实验二\04firstwindow\04firstwindow\debug\link.17248.write.1.tlog
f:\作业\综合创作3\14011403_2014303376_冯勇_14011401_2014303317_刘尧_实验二\04firstwindow\04firstwindow\debug\link.17712-cvtres.read.1.tlog
f:\作业\综合创作3\14011403_2014303376_冯勇_14011401_2014303317_刘尧_实验二\04firstwindow\04firstwindow\debug\link.17712-cvtres.write.1.tlog
f:\作业\综合创作3\14011403_2014303376_冯勇_14011401_2014303317_刘尧_实验二\04firstwindow\04firstwindow\debug\link.17712.read.1.tlog
f:\作业\综合创作3\14011403_2014303376_冯勇_14011401_2014303317_刘尧_实验二\04firstwindow\04firstwindow\debug\link.17712.write.1.tlog
f:\作业\综合创作3\14011403_2014303376_冯勇_14011401_2014303317_刘尧_实验二\04firstwindow\04firstwindow\debug\link.18012-cvtres.read.1.tlog
f:\作业\综合创作3\14011403_2014303376_冯勇_14011401_2014303317_刘尧_实验二\04firstwindow\04firstwindow\debug\link.18012-cvtres.write.1.tlog
f:\作业\综合创作3\14011403_2014303376_冯勇_14011401_2014303317_刘尧_实验二\04firstwindow\04firstwindow\debug\link.18012.read.1.tlog
f:\作业\综合创作3\14011403_2014303376_冯勇_14011401_2014303317_刘尧_实验二\04firstwindow\04firstwindow\debug\link.18012.write.1.tlog
f:\作业\综合创作3\14011403_2014303376_冯勇_14011401_2014303317_刘尧_实验二\04firstwindow\04firstwindow\debug\link.18488-cvtres.read.1.tlog
f:\作业\综合创作3\14011403_2014303376_冯勇_14011401_2014303317_刘尧_实验二\04firstwindow\04firstwindow\debug\link.18488-cvtres.write.1.tlog
f:\作业\综合创作3\14011403_2014303376_冯勇_14011401_2014303317_刘尧_实验二\04firstwindow\04firstwindow\debug\link.18488.read.1.tlog
f:\作业\综合创作3\14011403_2014303376_冯勇_14011401_2014303317_刘尧_实验二\04firstwindow\04firstwindow\debug\link.18488.write.1.tlog
f:\作业\综合创作3\14011403_2014303376_冯勇_14011401_2014303317_刘尧_实验二\04firstwindow\04firstwindow\debug\link.19008-cvtres.read.1.tlog
f:\作业\综合创作3\14011403_2014303376_冯勇_14011401_2014303317_刘尧_实验二\04firstwindow\04firstwindow\debug\link.19008-cvtres.write.1.tlog
f:\作业\综合创作3\14011403_2014303376_冯勇_14011401_2014303317_刘尧_实验二\04firstwindow\04firstwindow\debug\link.19008.read.1.tlog
f:\作业\综合创作3\14011403_2014303376_冯勇_14011401_2014303317_刘尧_实验二\04firstwindow\04firstwindow\debug\link.19008.write.1.tlog
f:\作业\综合创作3\14011403_2014303376_冯勇_14011401_2014303317_刘尧_实验二\04firstwindow\04firstwindow\debug\link.20144-cvtres.read.1.tlog
f:\作业\综合创作3\14011403_2014303376_冯勇_14011401_2014303317_刘尧_实验二\04firstwindow\04firstwindow\debug\link.20144-cvtres.write.1.tlog
f:\作业\综合创作3\14011403_2014303376_冯勇_14011401_2014303317_刘尧_实验二\04firstwindow\04firstwindow\debug\link.20144.read.1.tlog
f:\作业\综合创作3\14011403_2014303376_冯勇_14011401_2014303317_刘尧_实验二\04firstwindow\04firstwindow\debug\link.20144.write.1.tlog
f:\作业\综合创作3\14011403_2014303376_冯勇_14011401_2014303317_刘尧_实验二\04firstwindow\04firstwindow\debug\link.21224-cvtres.read.1.tlog
f:\作业\综合创作3\14011403_2014303376_冯勇_14011401_2014303317_刘尧_实验二\04firstwindow\04firstwindow\debug\link.21224-cvtres.write.1.tlog
f:\作业\综合创作3\14011403_2014303376_冯勇_14011401_2014303317_刘尧_实验二\04firstwindow\04firstwindow\debug\link.21224.read.1.tlog
f:\作业\综合创作3\14011403_2014303376_冯勇_14011401_2014303317_刘尧_实验二\04firstwindow\04firstwindow\debug\link.21224.write.1.tlog
f:\作业\综合创作3\14011403_2014303376_冯勇_14011401_2014303317_刘尧_实验二\04firstwindow\04firstwindow\debug\link.22408-cvtres.read.1.tlog
f:\作业\综合创作3\14011403_2014303376_冯勇_14011401_2014303317_刘尧_实验二\04firstwindow\04firstwindow\debug\link.22408-cvtres.write.1.tlog
f:\作业\综合创作3\14011403_2014303376_冯勇_14011401_2014303317_刘尧_实验二\04firstwindow\04firstwindow\debug\link.22408.read.1.tlog
f:\作业\综合创作3\14011403_2014303376_冯勇_14011401_2014303317_刘尧_实验二\04firstwindow\04firstwindow\debug\link.22408.write.1.tlog
f:\作业\综合创作3\14011403_2014303376_冯勇_14011401_2014303317_刘尧_实验二\04firstwindow\04firstwindow\debug\link.23760-cvtres.read.1.tlog
f:\作业\综合创作3\14011403_2014303376_冯勇_14011401_2014303317_刘尧_实验二\04firstwindow\04firstwindow\debug\link.23760-cvtres.write.1.tlog
f:\作业\综合创作3\14011403_2014303376_冯勇_14011401_2014303317_刘尧_实验二\04firstwindow\04firstwindow\debug\link.23760.read.1.tlog
f:\作业\综合创作3\14011403_2014303376_冯勇_14011401_2014303317_刘尧_实验二\04firstwindow\04firstwindow\debug\link.23760.write.1.tlog
f:\作业\综合创作3\14011403_2014303376_冯勇_14011401_2014303317_刘尧_实验二\04firstwindow\04firstwindow\debug\link.3612-cvtres.read.1.tlog
f:\作业\综合创作3\14011403_2014303376_冯勇_14011401_2014303317_刘尧_实验二\04firstwindow\04firstwindow\debug\link.3612-cvtres.write.1.tlog
f:\作业\综合创作3\14011403_2014303376_冯勇_14011401_2014303317_刘尧_实验二\04firstwindow\04firstwindow\debug\link.3612.read.1.tlog
f:\作业\综合创作3\14011403_2014303376_冯勇_14011401_2014303317_刘尧_实验二\04firstwindow\04firstwindow\debug\link.3612.write.1.tlog
f:\作业\综合创作3\14011403_2014303376_冯勇_14011401_2014303317_刘尧_实验二\04firstwindow\04firstwindow\debug\link.5356-cvtres.read.1.tlog
f:\作业\综合创作3\14011403_2014303376_冯勇_14011401_2014303317_刘尧_实验二\04firstwindow\04firstwindow\debug\link.5356-cvtres.write.1.tlog
f:\作业\综合创作3\14011403_2014303376_冯勇_14011401_2014303317_刘尧_实验二\04firstwindow\04firstwindow\debug\link.5356.read.1.tlog
f:\作业\综合创作3\14011403_2014303376_冯勇_14011401_2014303317_刘尧_实验二\04firstwindow\04firstwindow\debug\link.5356.write.1.tlog
f:\作业\综合创作3\14011403_2014303376_冯勇_14011401_2014303317_刘尧_实验二\04firstwindow\04firstwindow\debug\link.6812-cvtres.read.1.tlog
f:\作业\综合创作3\14011403_2014303376_冯勇_14011401_2014303317_刘尧_实验二\04firstwindow\04firstwindow\debug\link.6812-cvtres.write.1.tlog
f:\作业\综合创作3\14011403_2014303376_冯勇_14011401_2014303317_刘尧_实验二\04firstwindow\04firstwindow\debug\link.6812.read.1.tlog
f:\作业\综合创作3\14011403_2014303376_冯勇_14011401_2014303317_刘尧_实验二\04firstwindow\04firstwindow\debug\link.6812.write.1.tlog
f:\作业\综合创作3\14011403_2014303376_冯勇_14011401_2014303317_刘尧_实验二\04firstwindow\04firstwindow\debug\link.7024-cvtres.read.1.tlog
f:\作业\综合创作3\14011403_2014303376_冯勇_14011401_2014303317_刘尧_实验二\04firstwindow\04firstwindow\debug\link.7024-cvtres.write.1.tlog
f:\作业\综合创作3\14011403_2014303376_冯勇_14011401_2014303317_刘尧_实验二\04firstwindow\04firstwindow\debug\link.7024.read.1.tlog
f:\作业\综合创作3\14011403_2014303376_冯勇_14011401_2014303317_刘尧_实验二\04firstwindow\04firstwindow\debug\link.7024.write.1.tlog
f:\作业\综合创作3\14011403_2014303376_冯勇_14011401_2014303317_刘尧_实验二\04firstwindow\04firstwindow\debug\link.8988-cvtres.read.1.tlog
f:\作业\综合创作3\14011403_2014303376_冯勇_14011401_2014303317_刘尧_实验二\04firstwindow\04firstwindow\debug\link.8988-cvtres.write.1.tlog
f:\作业\综合创作3\14011403_2014303376_冯勇_14011401_2014303317_刘尧_实验二\04firstwindow\04firstwindow\debug\link.8988.read.1.tlog
f:\作业\综合创作3\14011403_2014303376_冯勇_14011401_2014303317_刘尧_实验二\04firstwindow\04firstwindow\debug\link.8988.write.1.tlog
f:\作业\综合创作3\14011403_2014303376_冯勇_14011401_2014303317_刘尧_实验二\04firstwindow\04firstwindow\debug\link.9296-cvtres.read.1.tlog
f:\作业\综合创作3\14011403_2014303376_冯勇_14011401_2014303317_刘尧_实验二\04firstwindow\04firstwindow\debug\link.9296-cvtres.write.1.tlog
f:\作业\综合创作3\14011403_2014303376_冯勇_14011401_2014303317_刘尧_实验二\04firstwindow\04firstwindow\debug\link.9296.read.1.tlog
f:\作业\综合创作3\14011403_2014303376_冯勇_14011401_2014303317_刘尧_实验二\04firstwindow\04firstwindow\debug\link.9296.write.1.tlog
f:\作业\综合创作3\14011403_2014303376_冯勇_14011401_2014303317_刘尧_实验二\04firstwindow\04firstwindow\debug\link.9996-cvtres.read.1.tlog
f:\作业\综合创作3\14011403_2014303376_冯勇_14011401_2014303317_刘尧_实验二\04firstwindow\04firstwindow\debug\link.9996-cvtres.write.1.tlog
f:\作业\综合创作3\14011403_2014303376_冯勇_14011401_2014303317_刘尧_实验二\04firstwindow\04firstwindow\debug\link.9996.read.1.tlog
f:\作业\综合创作3\14011403_2014303376_冯勇_14011401_2014303317_刘尧_实验二\04firstwindow\04firstwindow\debug\link.9996.write.1.tlog
f:\作业\综合创作3\14011403_2014303376_冯勇_14011401_2014303317_刘尧_实验二\04firstwindow\04firstwindow\debug\link.command.1.tlog
f:\作业\综合创作3\14011403_2014303376_冯勇_14011401_2014303317_刘尧_实验二\04firstwindow\04firstwindow\debug\link.read.1.tlog
f:\作业\综合创作3\14011403_2014303376_冯勇_14011401_2014303317_刘尧_实验二\04firstwindow\04firstwindow\debug\link.write.1.tlog
f:\作业\综合创作3\14011403_2014303376_冯勇_14011401_2014303317_刘尧_实验二\04firstwindow\04firstwindow\debug\mt.command.1.tlog
f:\作业\综合创作3\14011403_2014303376_冯勇_14011401_2014303317_刘尧_实验二\04firstwindow\04firstwindow\debug\mt.read.1.tlog
f:\作业\综合创作3\14011403_2014303376_冯勇_14011401_2014303317_刘尧_实验二\04firstwindow\04firstwindow\debug\mt.write.1.tlog
f:\作业\综合创作3\14011403_2014303376_冯勇_14011401_2014303317_刘尧_实验二\04firstwindow\04firstwindow\debug\rc.command.1.tlog
f:\作业\综合创作3\14011403_2014303376_冯勇_14011401_2014303317_刘尧_实验二\04firstwindow\04firstwindow\debug\rc.read.1.tlog
f:\作业\综合创作3\14011403_2014303376_冯勇_14011401_2014303317_刘尧_实验二\04firstwindow\04firstwindow\debug\rc.write.1.tlog
f:\作业\综合创作3\14011403_2014303376_冯勇_14011401_2014303317_刘尧_实验二\04firstwindow\04firstwindow\debug\04firstwindow.exe.embed.manifest
f:\作业\综合创作3\14011403_2014303376_冯勇_14011401_2014303317_刘尧_实验二\04firstwindow\04firstwindow\debug\04firstwindow.exe.intermediate.manifest
f:\作业\综合创作3\14011403_2014303376_冯勇_14011401_2014303317_刘尧_实验二\04firstwindow\04firstwindow\debug\04firstwindow.exe.embed.manifest.res
f:\作业\综合创作3\14011403_2014303376_冯勇_14011401_2014303317_刘尧_实验二\04firstwindow\04firstwindow\debug\vc100.idb
f:\作业\综合创作3\14011403_2014303376_冯勇_14011401_2014303317_刘尧_实验二\04firstwindow\04firstwindow\debug\vc100.pdb
f:\作业\综合创作3\14011403_2014303376_冯勇_14011401_2014303317_刘尧_实验二\04firstwindow\04firstwindow\debug\04firstwindow_manifest.rc
f:\作业\综合创作3\14011403_2014303376_冯勇_14011401_2014303317_刘尧_实验二\04firstwindow\debug\04firstwindow.pdb
f:\作业\综合创作3\14011403_2014303376_冯勇_14011401_2014303317_刘尧_实验二\04firstwindow\debug\04firstwindow.exe
f:\作业\综合创作3\14011403_2014303376_冯勇_14011401_2014303317_刘尧_实验二\04firstwindow\debug\04firstwindow.ilk
f:\作业\综合创作3\14011403_2014303376_冯勇_14011401_2014303317_刘尧_实验二\04firstwindow\04firstwindow\debug\04firstwindow.tlog\cl.command.1.tlog
f:\作业\综合创作3\14011403_2014303376_冯勇_14011401_2014303317_刘尧_实验二\04firstwindow\04firstwindow\debug\04firstwindow.tlog\cl.read.1.tlog
f:\作业\综合创作3\14011403_2014303376_冯勇_14011401_2014303317_刘尧_实验二\04firstwindow\04firstwindow\debug\04firstwindow.tlog\cl.write.1.tlog
f:\作业\综合创作3\14011403_2014303376_冯勇_14011401_2014303317_刘尧_实验二\04firstwindow\04firstwindow\debug\04firstwindow.tlog\rc.command.1.tlog
f:\作业\综合创作3\14011403_2014303376_冯勇_14011401_2014303317_刘尧_实验二\04firstwindow\04firstwindow\debug\04firstwindow.tlog\rc.read.1.tlog
f:\作业\综合创作3\14011403_2014303376_冯勇_14011401_2014303317_刘尧_实验二\04firstwindow\04firstwindow\debug\04firstwindow.tlog\rc.write.1.tlog
